2024-09-24 23:40:43,204 INFO:Server started http://localhost:5000.
2024-09-24 23:45:09,128 INFO:========== GCN ==========
2024-09-24 23:45:14,849 INFO:Epoch: 0001 | Train loss: 1.3796 | Train accuracy: 0.2984 | Validation loss: 1.3916 | Validation accuracy: 0.3046
2024-09-24 23:45:15,000 INFO:Epoch: 0002 | Train loss: 1.3911 | Train accuracy: 0.2728 | Validation loss: 1.3832 | Validation accuracy: 0.3249
2024-09-24 23:45:15,164 INFO:Epoch: 0003 | Train loss: 1.3646 | Train accuracy: 0.3017 | Validation loss: 1.3761 | Validation accuracy: 0.3402
2024-09-24 23:45:15,343 INFO:Epoch: 0004 | Train loss: 1.3516 | Train accuracy: 0.3184 | Validation loss: 1.3696 | Validation accuracy: 0.3638
2024-09-24 23:45:15,497 INFO:Epoch: 0005 | Train loss: 1.3457 | Train accuracy: 0.3258 | Validation loss: 1.3645 | Validation accuracy: 0.3833
2024-09-24 23:45:15,657 INFO:Epoch: 0006 | Train loss: 1.3412 | Train accuracy: 0.3349 | Validation loss: 1.3597 | Validation accuracy: 0.4153
2024-09-24 23:45:15,813 INFO:Epoch: 0007 | Train loss: 1.3292 | Train accuracy: 0.3916 | Validation loss: 1.3551 | Validation accuracy: 0.4545
2024-09-24 23:45:15,969 INFO:Epoch: 0008 | Train loss: 1.3305 | Train accuracy: 0.3769 | Validation loss: 1.3501 | Validation accuracy: 0.4548
2024-09-24 23:45:16,133 INFO:Epoch: 0009 | Train loss: 1.3251 | Train accuracy: 0.3850 | Validation loss: 1.3435 | Validation accuracy: 0.4529
2024-09-24 23:45:16,293 INFO:Epoch: 0010 | Train loss: 1.3187 | Train accuracy: 0.4215 | Validation loss: 1.3360 | Validation accuracy: 0.4762
2024-09-24 23:45:16,444 INFO:Epoch: 0011 | Train loss: 1.3146 | Train accuracy: 0.4455 | Validation loss: 1.3280 | Validation accuracy: 0.5202
2024-09-24 23:45:16,603 INFO:Epoch: 0012 | Train loss: 1.3097 | Train accuracy: 0.4477 | Validation loss: 1.3203 | Validation accuracy: 0.5435
2024-09-24 23:45:16,783 INFO:Epoch: 0013 | Train loss: 1.3066 | Train accuracy: 0.4631 | Validation loss: 1.3132 | Validation accuracy: 0.5541
2024-09-24 23:45:16,933 INFO:Epoch: 0014 | Train loss: 1.2966 | Train accuracy: 0.4726 | Validation loss: 1.3056 | Validation accuracy: 0.5828
2024-09-24 23:45:17,113 INFO:Epoch: 0015 | Train loss: 1.2913 | Train accuracy: 0.4920 | Validation loss: 1.2973 | Validation accuracy: 0.6125
2024-09-24 23:45:17,268 INFO:Epoch: 0016 | Train loss: 1.2804 | Train accuracy: 0.5174 | Validation loss: 1.2888 | Validation accuracy: 0.6345
2024-09-24 23:45:17,441 INFO:Epoch: 0017 | Train loss: 1.2753 | Train accuracy: 0.5336 | Validation loss: 1.2801 | Validation accuracy: 0.6312
2024-09-24 23:45:17,613 INFO:Epoch: 0018 | Train loss: 1.2706 | Train accuracy: 0.5214 | Validation loss: 1.2715 | Validation accuracy: 0.6314
2024-09-24 23:45:17,770 INFO:Epoch: 0019 | Train loss: 1.2598 | Train accuracy: 0.5387 | Validation loss: 1.2627 | Validation accuracy: 0.6239
2024-09-24 23:45:17,930 INFO:Epoch: 0020 | Train loss: 1.2572 | Train accuracy: 0.5303 | Validation loss: 1.2541 | Validation accuracy: 0.6209
2024-09-24 23:45:18,064 INFO:Epoch: 0021 | Train loss: 1.2494 | Train accuracy: 0.5487 | Validation loss: 1.2460 | Validation accuracy: 0.6245
2024-09-24 23:45:18,267 INFO:Epoch: 0022 | Train loss: 1.2413 | Train accuracy: 0.5543 | Validation loss: 1.2379 | Validation accuracy: 0.6426
2024-09-24 23:45:18,435 INFO:Epoch: 0023 | Train loss: 1.2320 | Train accuracy: 0.5665 | Validation loss: 1.2294 | Validation accuracy: 0.6587
2024-09-24 23:45:18,621 INFO:Epoch: 0024 | Train loss: 1.2261 | Train accuracy: 0.5656 | Validation loss: 1.2206 | Validation accuracy: 0.6762
2024-09-24 23:45:18,778 INFO:Epoch: 0025 | Train loss: 1.2151 | Train accuracy: 0.5919 | Validation loss: 1.2114 | Validation accuracy: 0.6962
2024-09-24 23:45:18,962 INFO:Epoch: 0026 | Train loss: 1.2042 | Train accuracy: 0.6030 | Validation loss: 1.2018 | Validation accuracy: 0.7049
2024-09-24 23:45:19,153 INFO:Epoch: 0027 | Train loss: 1.1971 | Train accuracy: 0.6219 | Validation loss: 1.1920 | Validation accuracy: 0.7118
2024-09-24 23:45:19,311 INFO:Epoch: 0028 | Train loss: 1.1843 | Train accuracy: 0.6353 | Validation loss: 1.1820 | Validation accuracy: 0.7149
2024-09-24 23:45:19,524 INFO:Epoch: 0029 | Train loss: 1.1741 | Train accuracy: 0.6442 | Validation loss: 1.1716 | Validation accuracy: 0.7163
2024-09-24 23:45:19,751 INFO:Epoch: 0030 | Train loss: 1.1673 | Train accuracy: 0.6446 | Validation loss: 1.1610 | Validation accuracy: 0.7157
2024-09-24 23:45:19,915 INFO:Epoch: 0031 | Train loss: 1.1533 | Train accuracy: 0.6449 | Validation loss: 1.1501 | Validation accuracy: 0.7166
2024-09-24 23:45:20,113 INFO:Epoch: 0032 | Train loss: 1.1480 | Train accuracy: 0.6569 | Validation loss: 1.1388 | Validation accuracy: 0.7168
2024-09-24 23:45:20,337 INFO:Epoch: 0033 | Train loss: 1.1401 | Train accuracy: 0.6575 | Validation loss: 1.1273 | Validation accuracy: 0.7179
2024-09-24 23:45:20,556 INFO:Epoch: 0034 | Train loss: 1.1292 | Train accuracy: 0.6500 | Validation loss: 1.1157 | Validation accuracy: 0.7179
2024-09-24 23:45:20,747 INFO:Epoch: 0035 | Train loss: 1.1156 | Train accuracy: 0.6564 | Validation loss: 1.1042 | Validation accuracy: 0.7207
2024-09-24 23:45:20,965 INFO:Epoch: 0036 | Train loss: 1.1073 | Train accuracy: 0.6649 | Validation loss: 1.0927 | Validation accuracy: 0.7221
2024-09-24 23:45:21,211 INFO:Epoch: 0037 | Train loss: 1.0911 | Train accuracy: 0.6778 | Validation loss: 1.0810 | Validation accuracy: 0.7232
2024-09-24 23:45:21,422 INFO:Epoch: 0038 | Train loss: 1.0852 | Train accuracy: 0.6776 | Validation loss: 1.0690 | Validation accuracy: 0.7257
2024-09-24 23:45:21,631 INFO:Epoch: 0039 | Train loss: 1.0678 | Train accuracy: 0.6874 | Validation loss: 1.0567 | Validation accuracy: 0.7291
2024-09-24 23:45:21,830 INFO:Epoch: 0040 | Train loss: 1.0559 | Train accuracy: 0.6880 | Validation loss: 1.0442 | Validation accuracy: 0.7293
2024-09-24 23:45:21,985 INFO:Epoch: 0041 | Train loss: 1.0451 | Train accuracy: 0.6923 | Validation loss: 1.0316 | Validation accuracy: 0.7313
2024-09-24 23:45:22,132 INFO:Epoch: 0042 | Train loss: 1.0385 | Train accuracy: 0.7003 | Validation loss: 1.0188 | Validation accuracy: 0.7313
2024-09-24 23:45:22,300 INFO:Epoch: 0043 | Train loss: 1.0158 | Train accuracy: 0.7040 | Validation loss: 1.0060 | Validation accuracy: 0.7324
2024-09-24 23:45:22,451 INFO:Epoch: 0044 | Train loss: 1.0037 | Train accuracy: 0.7043 | Validation loss: 0.9933 | Validation accuracy: 0.7341
2024-09-24 23:45:22,622 INFO:Epoch: 0045 | Train loss: 0.9950 | Train accuracy: 0.7094 | Validation loss: 0.9807 | Validation accuracy: 0.7369
2024-09-24 23:45:22,794 INFO:Epoch: 0046 | Train loss: 0.9835 | Train accuracy: 0.7038 | Validation loss: 0.9682 | Validation accuracy: 0.7377
2024-09-24 23:45:22,979 INFO:Epoch: 0047 | Train loss: 0.9694 | Train accuracy: 0.7181 | Validation loss: 0.9557 | Validation accuracy: 0.7405
2024-09-24 23:45:23,162 INFO:Epoch: 0048 | Train loss: 0.9561 | Train accuracy: 0.7156 | Validation loss: 0.9433 | Validation accuracy: 0.7460
2024-09-24 23:45:23,330 INFO:Epoch: 0049 | Train loss: 0.9457 | Train accuracy: 0.7214 | Validation loss: 0.9310 | Validation accuracy: 0.7499
2024-09-24 23:45:23,517 INFO:Epoch: 0050 | Train loss: 0.9416 | Train accuracy: 0.7158 | Validation loss: 0.9188 | Validation accuracy: 0.7527
2024-09-24 23:45:23,721 INFO:Epoch: 0051 | Train loss: 0.9261 | Train accuracy: 0.7310 | Validation loss: 0.9066 | Validation accuracy: 0.7558
2024-09-24 23:45:23,914 INFO:Epoch: 0052 | Train loss: 0.9059 | Train accuracy: 0.7308 | Validation loss: 0.8942 | Validation accuracy: 0.7580
2024-09-24 23:45:24,113 INFO:Epoch: 0053 | Train loss: 0.8968 | Train accuracy: 0.7377 | Validation loss: 0.8821 | Validation accuracy: 0.7633
2024-09-24 23:45:24,310 INFO:Epoch: 0054 | Train loss: 0.8878 | Train accuracy: 0.7334 | Validation loss: 0.8700 | Validation accuracy: 0.7666
2024-09-24 23:45:24,454 INFO:Epoch: 0055 | Train loss: 0.8776 | Train accuracy: 0.7481 | Validation loss: 0.8582 | Validation accuracy: 0.7680
2024-09-24 23:45:24,613 INFO:Epoch: 0056 | Train loss: 0.8559 | Train accuracy: 0.7568 | Validation loss: 0.8465 | Validation accuracy: 0.7711
2024-09-24 23:45:24,769 INFO:Epoch: 0057 | Train loss: 0.8502 | Train accuracy: 0.7539 | Validation loss: 0.8350 | Validation accuracy: 0.7733
2024-09-24 23:45:24,927 INFO:Epoch: 0058 | Train loss: 0.8406 | Train accuracy: 0.7621 | Validation loss: 0.8238 | Validation accuracy: 0.7752
2024-09-24 23:45:25,074 INFO:Epoch: 0059 | Train loss: 0.8223 | Train accuracy: 0.7737 | Validation loss: 0.8126 | Validation accuracy: 0.7769
2024-09-24 23:45:25,215 INFO:Epoch: 0060 | Train loss: 0.8125 | Train accuracy: 0.7692 | Validation loss: 0.8013 | Validation accuracy: 0.7816
2024-09-24 23:45:25,397 INFO:Epoch: 0061 | Train loss: 0.8070 | Train accuracy: 0.7701 | Validation loss: 0.7902 | Validation accuracy: 0.7836
2024-09-24 23:45:25,568 INFO:Epoch: 0062 | Train loss: 0.7997 | Train accuracy: 0.7695 | Validation loss: 0.7791 | Validation accuracy: 0.7883
2024-09-24 23:45:25,790 INFO:Epoch: 0063 | Train loss: 0.7893 | Train accuracy: 0.7746 | Validation loss: 0.7680 | Validation accuracy: 0.7947
2024-09-24 23:45:26,009 INFO:Epoch: 0064 | Train loss: 0.7679 | Train accuracy: 0.7781 | Validation loss: 0.7571 | Validation accuracy: 0.7986
2024-09-24 23:45:26,183 INFO:Epoch: 0065 | Train loss: 0.7615 | Train accuracy: 0.7859 | Validation loss: 0.7464 | Validation accuracy: 0.8033
2024-09-24 23:45:26,378 INFO:Epoch: 0066 | Train loss: 0.7554 | Train accuracy: 0.7819 | Validation loss: 0.7360 | Validation accuracy: 0.8045
2024-09-24 23:45:26,573 INFO:Epoch: 0067 | Train loss: 0.7460 | Train accuracy: 0.7862 | Validation loss: 0.7260 | Validation accuracy: 0.8078
2024-09-24 23:45:26,737 INFO:Epoch: 0068 | Train loss: 0.7376 | Train accuracy: 0.7902 | Validation loss: 0.7165 | Validation accuracy: 0.8106
2024-09-24 23:45:26,897 INFO:Epoch: 0069 | Train loss: 0.7287 | Train accuracy: 0.8037 | Validation loss: 0.7073 | Validation accuracy: 0.8097
2024-09-24 23:45:27,035 INFO:Epoch: 0070 | Train loss: 0.7144 | Train accuracy: 0.7915 | Validation loss: 0.6980 | Validation accuracy: 0.8125
2024-09-24 23:45:27,203 INFO:Epoch: 0071 | Train loss: 0.7045 | Train accuracy: 0.8011 | Validation loss: 0.6885 | Validation accuracy: 0.8153
2024-09-24 23:45:27,382 INFO:Epoch: 0072 | Train loss: 0.6964 | Train accuracy: 0.8037 | Validation loss: 0.6794 | Validation accuracy: 0.8172
2024-09-24 23:45:27,550 INFO:Epoch: 0073 | Train loss: 0.6955 | Train accuracy: 0.7955 | Validation loss: 0.6708 | Validation accuracy: 0.8189
2024-09-24 23:45:27,735 INFO:Epoch: 0074 | Train loss: 0.6825 | Train accuracy: 0.8062 | Validation loss: 0.6627 | Validation accuracy: 0.8225
2024-09-24 23:45:27,992 INFO:Epoch: 0075 | Train loss: 0.6748 | Train accuracy: 0.8073 | Validation loss: 0.6550 | Validation accuracy: 0.8248
2024-09-24 23:45:28,191 INFO:Epoch: 0076 | Train loss: 0.6755 | Train accuracy: 0.8028 | Validation loss: 0.6476 | Validation accuracy: 0.8284
2024-09-24 23:45:28,353 INFO:Epoch: 0077 | Train loss: 0.6597 | Train accuracy: 0.8062 | Validation loss: 0.6403 | Validation accuracy: 0.8292
2024-09-24 23:45:28,518 INFO:Epoch: 0078 | Train loss: 0.6479 | Train accuracy: 0.8138 | Validation loss: 0.6334 | Validation accuracy: 0.8300
2024-09-24 23:45:28,693 INFO:Epoch: 0079 | Train loss: 0.6432 | Train accuracy: 0.8169 | Validation loss: 0.6266 | Validation accuracy: 0.8325
2024-09-24 23:45:28,857 INFO:Epoch: 0080 | Train loss: 0.6477 | Train accuracy: 0.8135 | Validation loss: 0.6198 | Validation accuracy: 0.8345
2024-09-24 23:45:29,048 INFO:Epoch: 0081 | Train loss: 0.6308 | Train accuracy: 0.8206 | Validation loss: 0.6131 | Validation accuracy: 0.8370
2024-09-24 23:45:29,252 INFO:Epoch: 0082 | Train loss: 0.6234 | Train accuracy: 0.8186 | Validation loss: 0.6067 | Validation accuracy: 0.8373
2024-09-24 23:45:29,445 INFO:Epoch: 0083 | Train loss: 0.6121 | Train accuracy: 0.8209 | Validation loss: 0.6005 | Validation accuracy: 0.8387
2024-09-24 23:45:29,663 INFO:Epoch: 0084 | Train loss: 0.6156 | Train accuracy: 0.8227 | Validation loss: 0.5944 | Validation accuracy: 0.8401
2024-09-24 23:45:29,919 INFO:Epoch: 0085 | Train loss: 0.6044 | Train accuracy: 0.8182 | Validation loss: 0.5890 | Validation accuracy: 0.8403
2024-09-24 23:45:30,090 INFO:Epoch: 0086 | Train loss: 0.5969 | Train accuracy: 0.8298 | Validation loss: 0.5840 | Validation accuracy: 0.8398
2024-09-24 23:45:30,254 INFO:Epoch: 0087 | Train loss: 0.5930 | Train accuracy: 0.8322 | Validation loss: 0.5794 | Validation accuracy: 0.8403
2024-09-24 23:45:30,412 INFO:Epoch: 0088 | Train loss: 0.5916 | Train accuracy: 0.8304 | Validation loss: 0.5745 | Validation accuracy: 0.8417
2024-09-24 23:45:30,583 INFO:Epoch: 0089 | Train loss: 0.5887 | Train accuracy: 0.8313 | Validation loss: 0.5699 | Validation accuracy: 0.8431
2024-09-24 23:45:30,789 INFO:Epoch: 0090 | Train loss: 0.5815 | Train accuracy: 0.8231 | Validation loss: 0.5677 | Validation accuracy: 0.8442
2024-09-24 23:45:31,002 INFO:Epoch: 0091 | Train loss: 0.5779 | Train accuracy: 0.8249 | Validation loss: 0.5628 | Validation accuracy: 0.8473
2024-09-24 23:45:31,204 INFO:Epoch: 0092 | Train loss: 0.5664 | Train accuracy: 0.8311 | Validation loss: 0.5585 | Validation accuracy: 0.8484
2024-09-24 23:45:31,396 INFO:Epoch: 0093 | Train loss: 0.5683 | Train accuracy: 0.8378 | Validation loss: 0.5548 | Validation accuracy: 0.8495
2024-09-24 23:45:31,542 INFO:Epoch: 0094 | Train loss: 0.5509 | Train accuracy: 0.8349 | Validation loss: 0.5513 | Validation accuracy: 0.8495
2024-09-24 23:45:31,711 INFO:Epoch: 0095 | Train loss: 0.5531 | Train accuracy: 0.8382 | Validation loss: 0.5480 | Validation accuracy: 0.8487
2024-09-24 23:45:31,859 INFO:Epoch: 0096 | Train loss: 0.5538 | Train accuracy: 0.8353 | Validation loss: 0.5453 | Validation accuracy: 0.8490
2024-09-24 23:45:32,080 INFO:Epoch: 0097 | Train loss: 0.5425 | Train accuracy: 0.8416 | Validation loss: 0.5427 | Validation accuracy: 0.8495
2024-09-24 23:45:32,287 INFO:Epoch: 0098 | Train loss: 0.5375 | Train accuracy: 0.8373 | Validation loss: 0.5396 | Validation accuracy: 0.8523
2024-09-24 23:45:32,477 INFO:Epoch: 0099 | Train loss: 0.5354 | Train accuracy: 0.8369 | Validation loss: 0.5342 | Validation accuracy: 0.8526
2024-09-24 23:45:32,649 INFO:Epoch: 0100 | Train loss: 0.5322 | Train accuracy: 0.8436 | Validation loss: 0.5291 | Validation accuracy: 0.8540
2024-09-24 23:45:32,836 INFO:Epoch: 0101 | Train loss: 0.5321 | Train accuracy: 0.8418 | Validation loss: 0.5249 | Validation accuracy: 0.8548
2024-09-24 23:45:33,068 INFO:Epoch: 0102 | Train loss: 0.5351 | Train accuracy: 0.8353 | Validation loss: 0.5211 | Validation accuracy: 0.8554
2024-09-24 23:45:33,306 INFO:Epoch: 0103 | Train loss: 0.5263 | Train accuracy: 0.8409 | Validation loss: 0.5175 | Validation accuracy: 0.8556
2024-09-24 23:45:33,521 INFO:Epoch: 0104 | Train loss: 0.5201 | Train accuracy: 0.8420 | Validation loss: 0.5142 | Validation accuracy: 0.8565
2024-09-24 23:45:33,755 INFO:Epoch: 0105 | Train loss: 0.5208 | Train accuracy: 0.8402 | Validation loss: 0.5115 | Validation accuracy: 0.8573
2024-09-24 23:45:33,954 INFO:Epoch: 0106 | Train loss: 0.5115 | Train accuracy: 0.8494 | Validation loss: 0.5085 | Validation accuracy: 0.8573
2024-09-24 23:45:34,150 INFO:Epoch: 0107 | Train loss: 0.5164 | Train accuracy: 0.8438 | Validation loss: 0.5054 | Validation accuracy: 0.8584
2024-09-24 23:45:34,360 INFO:Epoch: 0108 | Train loss: 0.5119 | Train accuracy: 0.8507 | Validation loss: 0.5022 | Validation accuracy: 0.8573
2024-09-24 23:45:34,544 INFO:Epoch: 0109 | Train loss: 0.5010 | Train accuracy: 0.8551 | Validation loss: 0.4993 | Validation accuracy: 0.8584
2024-09-24 23:45:34,723 INFO:Epoch: 0110 | Train loss: 0.4988 | Train accuracy: 0.8520 | Validation loss: 0.4969 | Validation accuracy: 0.8612
2024-09-24 23:45:34,919 INFO:Epoch: 0111 | Train loss: 0.4997 | Train accuracy: 0.8491 | Validation loss: 0.4954 | Validation accuracy: 0.8618
2024-09-24 23:45:35,132 INFO:Epoch: 0112 | Train loss: 0.4943 | Train accuracy: 0.8565 | Validation loss: 0.4937 | Validation accuracy: 0.8629
2024-09-24 23:45:35,332 INFO:Epoch: 0113 | Train loss: 0.4926 | Train accuracy: 0.8547 | Validation loss: 0.4922 | Validation accuracy: 0.8626
2024-09-24 23:45:35,546 INFO:Epoch: 0114 | Train loss: 0.4964 | Train accuracy: 0.8511 | Validation loss: 0.4884 | Validation accuracy: 0.8601
2024-09-24 23:45:35,744 INFO:Epoch: 0115 | Train loss: 0.4802 | Train accuracy: 0.8547 | Validation loss: 0.4858 | Validation accuracy: 0.8604
2024-09-24 23:45:35,927 INFO:Epoch: 0116 | Train loss: 0.4916 | Train accuracy: 0.8449 | Validation loss: 0.4846 | Validation accuracy: 0.8615
2024-09-24 23:45:36,123 INFO:Epoch: 0117 | Train loss: 0.4874 | Train accuracy: 0.8491 | Validation loss: 0.4833 | Validation accuracy: 0.8623
2024-09-24 23:45:36,326 INFO:Epoch: 0118 | Train loss: 0.4827 | Train accuracy: 0.8531 | Validation loss: 0.4824 | Validation accuracy: 0.8629
2024-09-24 23:45:36,516 INFO:Epoch: 0119 | Train loss: 0.4758 | Train accuracy: 0.8574 | Validation loss: 0.4811 | Validation accuracy: 0.8640
2024-09-24 23:45:36,721 INFO:Epoch: 0120 | Train loss: 0.4838 | Train accuracy: 0.8447 | Validation loss: 0.4796 | Validation accuracy: 0.8629
2024-09-24 23:45:36,921 INFO:Epoch: 0121 | Train loss: 0.4758 | Train accuracy: 0.8571 | Validation loss: 0.4782 | Validation accuracy: 0.8648
2024-09-24 23:45:37,105 INFO:Epoch: 0122 | Train loss: 0.4775 | Train accuracy: 0.8565 | Validation loss: 0.4766 | Validation accuracy: 0.8654
2024-09-24 23:45:37,289 INFO:Epoch: 0123 | Train loss: 0.4758 | Train accuracy: 0.8554 | Validation loss: 0.4742 | Validation accuracy: 0.8662
2024-09-24 23:45:37,461 INFO:Epoch: 0124 | Train loss: 0.4720 | Train accuracy: 0.8569 | Validation loss: 0.4722 | Validation accuracy: 0.8659
2024-09-24 23:45:37,641 INFO:Epoch: 0125 | Train loss: 0.4740 | Train accuracy: 0.8540 | Validation loss: 0.4706 | Validation accuracy: 0.8659
2024-09-24 23:45:37,830 INFO:Epoch: 0126 | Train loss: 0.4647 | Train accuracy: 0.8607 | Validation loss: 0.4696 | Validation accuracy: 0.8668
2024-09-24 23:45:38,016 INFO:Epoch: 0127 | Train loss: 0.4653 | Train accuracy: 0.8560 | Validation loss: 0.4664 | Validation accuracy: 0.8679
2024-09-24 23:45:38,213 INFO:Epoch: 0128 | Train loss: 0.4647 | Train accuracy: 0.8554 | Validation loss: 0.4644 | Validation accuracy: 0.8668
2024-09-24 23:45:38,388 INFO:Epoch: 0129 | Train loss: 0.4631 | Train accuracy: 0.8569 | Validation loss: 0.4625 | Validation accuracy: 0.8676
2024-09-24 23:45:38,559 INFO:Epoch: 0130 | Train loss: 0.4645 | Train accuracy: 0.8629 | Validation loss: 0.4612 | Validation accuracy: 0.8690
2024-09-24 23:45:38,759 INFO:Epoch: 0131 | Train loss: 0.4577 | Train accuracy: 0.8636 | Validation loss: 0.4596 | Validation accuracy: 0.8707
2024-09-24 23:45:38,940 INFO:Epoch: 0132 | Train loss: 0.4530 | Train accuracy: 0.8620 | Validation loss: 0.4582 | Validation accuracy: 0.8695
2024-09-24 23:45:39,123 INFO:Epoch: 0133 | Train loss: 0.4554 | Train accuracy: 0.8656 | Validation loss: 0.4565 | Validation accuracy: 0.8695
2024-09-24 23:45:39,307 INFO:Epoch: 0134 | Train loss: 0.4583 | Train accuracy: 0.8625 | Validation loss: 0.4547 | Validation accuracy: 0.8690
2024-09-24 23:45:39,528 INFO:Epoch: 0135 | Train loss: 0.4533 | Train accuracy: 0.8649 | Validation loss: 0.4535 | Validation accuracy: 0.8698
2024-09-24 23:45:39,800 INFO:Epoch: 0136 | Train loss: 0.4531 | Train accuracy: 0.8674 | Validation loss: 0.4528 | Validation accuracy: 0.8684
2024-09-24 23:45:39,999 INFO:Epoch: 0137 | Train loss: 0.4516 | Train accuracy: 0.8636 | Validation loss: 0.4526 | Validation accuracy: 0.8695
2024-09-24 23:45:40,211 INFO:Epoch: 0138 | Train loss: 0.4551 | Train accuracy: 0.8658 | Validation loss: 0.4524 | Validation accuracy: 0.8707
2024-09-24 23:45:40,390 INFO:Epoch: 0139 | Train loss: 0.4486 | Train accuracy: 0.8620 | Validation loss: 0.4512 | Validation accuracy: 0.8712
2024-09-24 23:45:40,587 INFO:Epoch: 0140 | Train loss: 0.4437 | Train accuracy: 0.8674 | Validation loss: 0.4489 | Validation accuracy: 0.8704
2024-09-24 23:45:40,765 INFO:Epoch: 0141 | Train loss: 0.4464 | Train accuracy: 0.8645 | Validation loss: 0.4469 | Validation accuracy: 0.8709
2024-09-24 23:45:40,987 INFO:Epoch: 0142 | Train loss: 0.4465 | Train accuracy: 0.8647 | Validation loss: 0.4455 | Validation accuracy: 0.8726
2024-09-24 23:45:41,222 INFO:Epoch: 0143 | Train loss: 0.4491 | Train accuracy: 0.8627 | Validation loss: 0.4442 | Validation accuracy: 0.8732
2024-09-24 23:45:41,422 INFO:Epoch: 0144 | Train loss: 0.4430 | Train accuracy: 0.8696 | Validation loss: 0.4436 | Validation accuracy: 0.8709
2024-09-24 23:45:41,638 INFO:Epoch: 0145 | Train loss: 0.4474 | Train accuracy: 0.8629 | Validation loss: 0.4434 | Validation accuracy: 0.8720
2024-09-24 23:45:41,857 INFO:Epoch: 0146 | Train loss: 0.4418 | Train accuracy: 0.8652 | Validation loss: 0.4423 | Validation accuracy: 0.8718
2024-09-24 23:45:42,064 INFO:Epoch: 0147 | Train loss: 0.4418 | Train accuracy: 0.8676 | Validation loss: 0.4411 | Validation accuracy: 0.8720
2024-09-24 23:45:42,251 INFO:Epoch: 0148 | Train loss: 0.4404 | Train accuracy: 0.8654 | Validation loss: 0.4407 | Validation accuracy: 0.8720
2024-09-24 23:45:42,489 INFO:Epoch: 0149 | Train loss: 0.4289 | Train accuracy: 0.8714 | Validation loss: 0.4388 | Validation accuracy: 0.8732
2024-09-24 23:45:42,754 INFO:Epoch: 0150 | Train loss: 0.4376 | Train accuracy: 0.8707 | Validation loss: 0.4376 | Validation accuracy: 0.8740
2024-09-24 23:45:43,046 INFO:Epoch: 0151 | Train loss: 0.4317 | Train accuracy: 0.8707 | Validation loss: 0.4382 | Validation accuracy: 0.8757
2024-09-24 23:45:43,315 INFO:Epoch: 0152 | Train loss: 0.4294 | Train accuracy: 0.8705 | Validation loss: 0.4392 | Validation accuracy: 0.8754
2024-09-24 23:45:43,598 INFO:Epoch: 0153 | Train loss: 0.4279 | Train accuracy: 0.8707 | Validation loss: 0.4368 | Validation accuracy: 0.8748
2024-09-24 23:45:43,884 INFO:Epoch: 0154 | Train loss: 0.4320 | Train accuracy: 0.8705 | Validation loss: 0.4360 | Validation accuracy: 0.8743
2024-09-24 23:45:44,068 INFO:Epoch: 0155 | Train loss: 0.4290 | Train accuracy: 0.8714 | Validation loss: 0.4347 | Validation accuracy: 0.8745
2024-09-24 23:45:44,303 INFO:Epoch: 0156 | Train loss: 0.4310 | Train accuracy: 0.8714 | Validation loss: 0.4338 | Validation accuracy: 0.8745
2024-09-24 23:45:44,485 INFO:Epoch: 0157 | Train loss: 0.4214 | Train accuracy: 0.8709 | Validation loss: 0.4325 | Validation accuracy: 0.8745
2024-09-24 23:45:44,671 INFO:Epoch: 0158 | Train loss: 0.4333 | Train accuracy: 0.8667 | Validation loss: 0.4308 | Validation accuracy: 0.8740
2024-09-24 23:45:44,890 INFO:Epoch: 0159 | Train loss: 0.4273 | Train accuracy: 0.8665 | Validation loss: 0.4293 | Validation accuracy: 0.8754
2024-09-24 23:45:45,097 INFO:Epoch: 0160 | Train loss: 0.4247 | Train accuracy: 0.8721 | Validation loss: 0.4279 | Validation accuracy: 0.8754
2024-09-24 23:45:45,370 INFO:Epoch: 0161 | Train loss: 0.4210 | Train accuracy: 0.8738 | Validation loss: 0.4272 | Validation accuracy: 0.8754
2024-09-24 23:45:45,624 INFO:Epoch: 0162 | Train loss: 0.4289 | Train accuracy: 0.8721 | Validation loss: 0.4261 | Validation accuracy: 0.8762
2024-09-24 23:45:45,857 INFO:Epoch: 0163 | Train loss: 0.4174 | Train accuracy: 0.8752 | Validation loss: 0.4255 | Validation accuracy: 0.8759
2024-09-24 23:45:46,216 INFO:Epoch: 0164 | Train loss: 0.4220 | Train accuracy: 0.8663 | Validation loss: 0.4250 | Validation accuracy: 0.8771
2024-09-24 23:45:46,561 INFO:Epoch: 0165 | Train loss: 0.4199 | Train accuracy: 0.8763 | Validation loss: 0.4245 | Validation accuracy: 0.8773
2024-09-24 23:45:46,817 INFO:Epoch: 0166 | Train loss: 0.4198 | Train accuracy: 0.8721 | Validation loss: 0.4238 | Validation accuracy: 0.8784
2024-09-24 23:45:47,049 INFO:Epoch: 0167 | Train loss: 0.4185 | Train accuracy: 0.8712 | Validation loss: 0.4233 | Validation accuracy: 0.8790
2024-09-24 23:45:47,340 INFO:Epoch: 0168 | Train loss: 0.4186 | Train accuracy: 0.8747 | Validation loss: 0.4229 | Validation accuracy: 0.8782
2024-09-24 23:45:47,620 INFO:Epoch: 0169 | Train loss: 0.4171 | Train accuracy: 0.8716 | Validation loss: 0.4223 | Validation accuracy: 0.8765
2024-09-24 23:45:47,862 INFO:Epoch: 0170 | Train loss: 0.4159 | Train accuracy: 0.8734 | Validation loss: 0.4213 | Validation accuracy: 0.8765
2024-09-24 23:45:48,163 INFO:Epoch: 0171 | Train loss: 0.4249 | Train accuracy: 0.8703 | Validation loss: 0.4200 | Validation accuracy: 0.8784
2024-09-24 23:45:48,411 INFO:Epoch: 0172 | Train loss: 0.4129 | Train accuracy: 0.8758 | Validation loss: 0.4188 | Validation accuracy: 0.8796
2024-09-24 23:45:48,608 INFO:Epoch: 0173 | Train loss: 0.4175 | Train accuracy: 0.8676 | Validation loss: 0.4182 | Validation accuracy: 0.8787
2024-09-24 23:45:48,802 INFO:Epoch: 0174 | Train loss: 0.4161 | Train accuracy: 0.8727 | Validation loss: 0.4173 | Validation accuracy: 0.8779
2024-09-24 23:45:48,991 INFO:Epoch: 0175 | Train loss: 0.4103 | Train accuracy: 0.8734 | Validation loss: 0.4167 | Validation accuracy: 0.8776
2024-09-24 23:45:49,240 INFO:Epoch: 0176 | Train loss: 0.4213 | Train accuracy: 0.8727 | Validation loss: 0.4159 | Validation accuracy: 0.8773
2024-09-24 23:45:49,507 INFO:Epoch: 0177 | Train loss: 0.4188 | Train accuracy: 0.8718 | Validation loss: 0.4152 | Validation accuracy: 0.8776
2024-09-24 23:45:49,825 INFO:Epoch: 0178 | Train loss: 0.4168 | Train accuracy: 0.8716 | Validation loss: 0.4146 | Validation accuracy: 0.8776
2024-09-24 23:45:50,148 INFO:Epoch: 0179 | Train loss: 0.4056 | Train accuracy: 0.8761 | Validation loss: 0.4147 | Validation accuracy: 0.8782
2024-09-24 23:45:50,489 INFO:Epoch: 0180 | Train loss: 0.4140 | Train accuracy: 0.8707 | Validation loss: 0.4133 | Validation accuracy: 0.8776
2024-09-24 23:45:50,784 INFO:Epoch: 0181 | Train loss: 0.4193 | Train accuracy: 0.8658 | Validation loss: 0.4130 | Validation accuracy: 0.8790
2024-09-24 23:45:51,119 INFO:Epoch: 0182 | Train loss: 0.4093 | Train accuracy: 0.8767 | Validation loss: 0.4125 | Validation accuracy: 0.8801
2024-09-24 23:45:51,419 INFO:Epoch: 0183 | Train loss: 0.4157 | Train accuracy: 0.8761 | Validation loss: 0.4119 | Validation accuracy: 0.8798
2024-09-24 23:45:51,707 INFO:Epoch: 0184 | Train loss: 0.4035 | Train accuracy: 0.8772 | Validation loss: 0.4110 | Validation accuracy: 0.8798
2024-09-24 23:45:51,982 INFO:Epoch: 0185 | Train loss: 0.4082 | Train accuracy: 0.8725 | Validation loss: 0.4110 | Validation accuracy: 0.8807
2024-09-24 23:45:52,265 INFO:Epoch: 0186 | Train loss: 0.4074 | Train accuracy: 0.8761 | Validation loss: 0.4111 | Validation accuracy: 0.8790
2024-09-24 23:45:52,475 INFO:Epoch: 0187 | Train loss: 0.4130 | Train accuracy: 0.8727 | Validation loss: 0.4111 | Validation accuracy: 0.8787
2024-09-24 23:45:52,668 INFO:Epoch: 0188 | Train loss: 0.4095 | Train accuracy: 0.8783 | Validation loss: 0.4096 | Validation accuracy: 0.8779
2024-09-24 23:45:52,952 INFO:Epoch: 0189 | Train loss: 0.4077 | Train accuracy: 0.8718 | Validation loss: 0.4079 | Validation accuracy: 0.8809
2024-09-24 23:45:53,173 INFO:Epoch: 0190 | Train loss: 0.3986 | Train accuracy: 0.8778 | Validation loss: 0.4073 | Validation accuracy: 0.8826
2024-09-24 23:45:53,406 INFO:Epoch: 0191 | Train loss: 0.4031 | Train accuracy: 0.8798 | Validation loss: 0.4068 | Validation accuracy: 0.8815
2024-09-24 23:45:53,646 INFO:Epoch: 0192 | Train loss: 0.4053 | Train accuracy: 0.8756 | Validation loss: 0.4062 | Validation accuracy: 0.8807
2024-09-24 23:45:53,910 INFO:Epoch: 0193 | Train loss: 0.3978 | Train accuracy: 0.8810 | Validation loss: 0.4065 | Validation accuracy: 0.8798
2024-09-24 23:45:54,193 INFO:Epoch: 0194 | Train loss: 0.4051 | Train accuracy: 0.8674 | Validation loss: 0.4069 | Validation accuracy: 0.8796
2024-09-24 23:45:54,450 INFO:Epoch: 0195 | Train loss: 0.4056 | Train accuracy: 0.8738 | Validation loss: 0.4072 | Validation accuracy: 0.8790
2024-09-24 23:45:54,662 INFO:Epoch: 0196 | Train loss: 0.4027 | Train accuracy: 0.8785 | Validation loss: 0.4071 | Validation accuracy: 0.8815
2024-09-24 23:45:54,898 INFO:Epoch: 0197 | Train loss: 0.4068 | Train accuracy: 0.8803 | Validation loss: 0.4068 | Validation accuracy: 0.8809
2024-09-24 23:45:55,076 INFO:Epoch: 0198 | Train loss: 0.3966 | Train accuracy: 0.8810 | Validation loss: 0.4055 | Validation accuracy: 0.8809
2024-09-24 23:45:55,328 INFO:Epoch: 0199 | Train loss: 0.4043 | Train accuracy: 0.8763 | Validation loss: 0.4045 | Validation accuracy: 0.8815
2024-09-24 23:45:55,574 INFO:Epoch: 0200 | Train loss: 0.3993 | Train accuracy: 0.8705 | Validation loss: 0.4043 | Validation accuracy: 0.8807
2024-09-24 23:45:55,670 INFO:Test loss: 0.4154 || Test accuracy: 0.8778
2024-09-24 23:48:31,750 INFO:Plotting...
2024-09-25 00:00:21,262 INFO:Server stopped.
